android/Signal-Strength-Detector-master/app/build/outputs/logs/manifest-merger-debug-report.txt
-- Merging decision tree log ---
manifest
ADDED from src/main/AndroidManifest.xml:2:1-31:12
	package
		ADDED from src/main/AndroidManifest.xml:3:7-55
		INJECTED from src/main/AndroidManifest.xml
		INJECTED from src/main/AndroidManifest.xml
	android:versionName
		ADDED from src/main/AndroidManifest.xml:5:7-32
		INJECTED from src/main/AndroidManifest.xml
		INJECTED from src/main/AndroidManifest.xml
	android:versionCode
		ADDED from src/main/AndroidManifest.xml:4:7-30
		INJECTED from src/main/AndroidManifest.xml
		INJECTED from src/main/AndroidManifest.xml
	xmlns:android
		ADDED from src/main/AndroidManifest.xml:2:11-69
uses-feature#android.hardware.touchscreen
ADDED from src/main/AndroidManifest.xml:7:2-87
	android:required
		ADDED from src/main/AndroidManifest.xml:7:60-84
	android:name
		ADDED from src/main/AndroidManifest.xml:7:16-59
uses-feature#android.hardware.location
ADDED from src/main/AndroidManifest.xml:8:5-87
	android:required
		ADDED from src/main/AndroidManifest.xml:8:60-84
	android:name
		ADDED from src/main/AndroidManifest.xml:8:19-59
uses-feature#android.hardware.location.network
ADDED from src/main/AndroidManifest.xml:9:2-92
	android:required
		ADDED from src/main/AndroidManifest.xml:9:65-89
	android:name
		ADDED from src/main/AndroidManifest.xml:9:16-64
uses-feature#android.hardware.location.gps
ADDED from src/main/AndroidManifest.xml:10:2-88
	android:required
		ADDED from src/main/AndroidManifest.xml:10:61-85
	android:name
		ADDED from src/main/AndroidManifest.xml:10:16-60
uses-feature#android.hardware.telephony
ADDED from src/main/AndroidManifest.xml:11:5-88
	android:required
		ADDED from src/main/AndroidManifest.xml:11:61-85
	android:name
		ADDED from src/main/AndroidManifest.xml:11:19-60
uses-permission#android.permission.ACCESS_WIMAX_STATE
ADDED from src/main/AndroidManifest.xml:13:5-102
	android:required
		ADDED from src/main/AndroidManifest.xml:13:75-99
	android:name
		ADDED from src/main/AndroidManifest.xml:13:22-74
uses-permission#android.permission.ACCESS_NETWORK_STATE
ADDED from src/main/AndroidManifest.xml:14:5-104
	android:required
		ADDED from src/main/AndroidManifest.xml:14:77-101
	android:name
		ADDED from src/main/AndroidManifest.xml:14:22-76
uses-permission#android.permission.ACCESS_COARSE_LOCATION
ADDED from src/main/AndroidManifest.xml:15:5-106
	android:required
		ADDED from src/main/AndroidManifest.xml:15:79-103
	android:name
		ADDED from src/main/AndroidManifest.xml:15:22-78
uses-sdk
ADDED from src/main/AndroidManifest.xml:17:5-73
	android:targetSdkVersion
		ADDED from src/main/AndroidManifest.xml:17:41-70
		INJECTED from src/main/AndroidManifest.xml
		INJECTED from src/main/AndroidManifest.xml
	android:minSdkVersion
		ADDED from src/main/AndroidManifest.xml:17:15-40
		INJECTED from src/main/AndroidManifest.xml
		INJECTED from src/main/AndroidManifest.xml
application
ADDED from src/main/AndroidManifest.xml:19:5-30:19
	android:label
		ADDED from src/main/AndroidManifest.xml:21:9-41
	android:icon
		ADDED from src/main/AndroidManifest.xml:19:18-47
	android:logo
		ADDED from src/main/AndroidManifest.xml:20:9-38
activity#com.tombarrasso.android.signaldetector.HomeActivity
ADDED from src/main/AndroidManifest.xml:22:9-29:20
	android:label
		ADDED from src/main/AndroidManifest.xml:23:19-51
	android:noHistory
		ADDED from src/main/AndroidManifest.xml:24:19-43
	android:name
		ADDED from src/main/AndroidManifest.xml:22:19-46
intent-filter#android.intent.action.MAIN+android.intent.category.LAUNCHER
ADDED from src/main/AndroidManifest.xml:25:13-28:29
action#android.intent.action.MAIN
ADDED from src/main/AndroidManifest.xml:26:17-69
	android:name
		ADDED from src/main/AndroidManifest.xml:26:25-66
category#android.intent.category.LAUNCHER
ADDED from src/main/AndroidManifest.xml:27:17-77
	android:name
		ADDED from src/main/AndroidManifest.xml:27:27-74